[debug] [2018-06-19T18:41:15.365Z] ----------------------------------------------------------------------
[debug] [2018-06-19T18:41:15.370Z] Command:       E:\node.exe C:\Users\Admin\AppData\Roaming\npm\node_modules\firebase-tools\bin\firebase deploy
[debug] [2018-06-19T18:41:15.370Z] CLI Version:   3.17.3
[debug] [2018-06-19T18:41:15.371Z] Platform:      win32
[debug] [2018-06-19T18:41:15.371Z] Node Version:  v8.9.4
[debug] [2018-06-19T18:41:15.372Z] Time:          Tue Jun 19 2018 23:41:15 GMT+0500 (Pakistan Standard Time)
[debug] [2018-06-19T18:41:15.373Z] ----------------------------------------------------------------------
[debug] 
[debug] [2018-06-19T18:41:15.510Z] > command requires scopes: ["email","openid","https://www.googleapis.com/auth/cloudplatformprojects.readonly","https://www.googleapis.com/auth/firebase","https://www.googleapis.com/auth/cloud-platform"]
[debug] [2018-06-19T18:41:15.511Z] > authorizing via signed-in user
[debug] [2018-06-19T18:41:15.516Z] >>> HTTP REQUEST GET https://admin.firebase.com/v1/projects/app-blood  
  
 Tue Jun 19 2018 23:41:15 GMT+0500 (Pakistan Standard Time)
[info] 
[warn] !  Your CLI authentication needs to be updated to take advantage of new features.
[warn] !  Please run firebase login --reauth
[info] 
[debug] [2018-06-19T18:42:18.239Z] > command requires scopes: ["email","openid","https://www.googleapis.com/auth/cloudplatformprojects.readonly","https://www.googleapis.com/auth/firebase"]
[debug] [2018-06-19T18:42:18.241Z] > authorizing via signed-in user
[debug] [2018-06-19T18:42:18.242Z] > refreshing access token with scopes: ["email","https://www.googleapis.com/auth/cloudplatformprojects.readonly","https://www.googleapis.com/auth/firebase","openid"]
[debug] [2018-06-19T18:42:18.242Z] >>> HTTP REQUEST POST https://www.googleapis.com/oauth2/v3/token  
 { refresh_token: '1/MKimI4MJ8EzICPoZ3TMDjkumAzOqRxZvYUj2Wcf4OYc',
  client_id: '563584335869-fgrhgmd47bqnekij5i8b5pr03ho849e6.apps.googleusercontent.com',
  client_secret: 'j9iVZfS8kkCEFUPaAeJV0sAi',
  grant_type: 'refresh_token',
  scope: 'email https://www.googleapis.com/auth/cloudplatformprojects.readonly https://www.googleapis.com/auth/firebase openid' } 
 Tue Jun 19 2018 23:42:18 GMT+0500 (Pakistan Standard Time)
[debug] [2018-06-19T18:42:18.739Z] <<< HTTP RESPONSE 200
[debug] [2018-06-19T18:42:18.785Z] >>> HTTP REQUEST GET https://admin.firebase.com/v1/projects/app-blood  
  
 Tue Jun 19 2018 23:42:18 GMT+0500 (Pakistan Standard Time)
[debug] [2018-06-19T18:42:20.298Z] <<< HTTP RESPONSE 200
[debug] [2018-06-19T18:42:20.300Z] >>> HTTP REQUEST GET https://admin.firebase.com/v1/database/app-blood/tokens  
  
 Tue Jun 19 2018 23:42:20 GMT+0500 (Pakistan Standard Time)
[debug] [2018-06-19T18:42:32.105Z] <<< HTTP RESPONSE 200
[info] 
[info] === Deploying to 'app-blood'...
[info] 
[info] i  deploying hosting
[info] i  hosting: preparing blood app directory for upload...
[debug] [2018-06-19T18:42:33.706Z] >>> HTTP REQUEST PUT https://deploy.firebase.com/v1/hosting/app-blood/uploads/-LFOLkp56gAoM5Xxsopc?fileCount=17&message=  
  
 Tue Jun 19 2018 23:42:33 GMT+0500 (Pakistan Standard Time)
[debug] [2018-06-19T18:45:13.649Z] Error: read ECONNRESET
    at _errnoException (util.js:1022:11)
    at TLSWrap.onread (net.js:615:25)
[error] 
[error] Error: Server Error. read ECONNRESET
[debug] [2018-06-19T18:45:21.199Z] ----------------------------------------------------------------------
[debug] [2018-06-19T18:45:21.204Z] Command:       E:\node.exe C:\Users\Admin\AppData\Roaming\npm\node_modules\firebase-tools\bin\firebase deploy
[debug] [2018-06-19T18:45:21.204Z] CLI Version:   3.17.3
[debug] [2018-06-19T18:45:21.205Z] Platform:      win32
[debug] [2018-06-19T18:45:21.205Z] Node Version:  v8.9.4
[debug] [2018-06-19T18:45:21.206Z] Time:          Tue Jun 19 2018 23:45:21 GMT+0500 (Pakistan Standard Time)
[debug] [2018-06-19T18:45:21.206Z] ----------------------------------------------------------------------
[debug] 
[debug] [2018-06-19T18:45:21.238Z] > command requires scopes: ["email","openid","https://www.googleapis.com/auth/cloudplatformprojects.readonly","https://www.googleapis.com/auth/firebase","https://www.googleapis.com/auth/cloud-platform"]
[debug] [2018-06-19T18:45:21.239Z] > authorizing via signed-in user
[debug] [2018-06-19T18:45:21.243Z] > refreshing access token with scopes: ["email","https://www.googleapis.com/auth/cloud-platform","https://www.googleapis.com/auth/cloudplatformprojects.readonly","https://www.googleapis.com/auth/firebase","openid"]
[debug] [2018-06-19T18:45:21.244Z] >>> HTTP REQUEST POST https://www.googleapis.com/oauth2/v3/token  
 { refresh_token: '1/MKimI4MJ8EzICPoZ3TMDjkumAzOqRxZvYUj2Wcf4OYc',
  client_id: '563584335869-fgrhgmd47bqnekij5i8b5pr03ho849e6.apps.googleusercontent.com',
  client_secret: 'j9iVZfS8kkCEFUPaAeJV0sAi',
  grant_type: 'refresh_token',
  scope: 'email https://www.googleapis.com/auth/cloud-platform https://www.googleapis.com/auth/cloudplatformprojects.readonly https://www.googleapis.com/auth/firebase openid' } 
 Tue Jun 19 2018 23:45:21 GMT+0500 (Pakistan Standard Time)
[debug] [2018-06-19T18:45:26.393Z] <<< HTTP RESPONSE 200
[debug] [2018-06-19T18:45:26.463Z] >>> HTTP REQUEST GET https://admin.firebase.com/v1/projects/app-blood  
  
 Tue Jun 19 2018 23:45:26 GMT+0500 (Pakistan Standard Time)
[debug] [2018-06-19T18:45:36.548Z] <<< HTTP RESPONSE 200
[debug] [2018-06-19T18:45:36.549Z] >>> HTTP REQUEST GET https://admin.firebase.com/v1/database/app-blood/tokens  
  
 Tue Jun 19 2018 23:45:36 GMT+0500 (Pakistan Standard Time)
